[ 2016-11-05T12:39:26+08:00 ] 127.0.0.1 /index.php/home/user/index
INFO: [ app_init ] --START--
INFO: Run Behavior\BuildLiteBehavior [ RunTime:0.000000s ]
INFO: [ app_init ] --END-- [ RunTime:0.000000s ]
INFO: [ app_begin ] --START--
INFO: Run Behavior\ReadHtmlCacheBehavior [ RunTime:0.039002s ]
INFO: [ app_begin ] --END-- [ RunTime:0.039002s ]

[ 2016-11-05T12:39:32+08:00 ] 127.0.0.1 /index.php/home/user
INFO: [ app_init ] --START--
INFO: Run Behavior\BuildLiteBehavior [ RunTime:0.000000s ]
INFO: [ app_init ] --END-- [ RunTime:0.000000s ]
INFO: [ app_begin ] --START--
INFO: Run Behavior\ReadHtmlCacheBehavior [ RunTime:0.001001s ]
INFO: [ app_begin ] --END-- [ RunTime:0.001001s ]

[ 2016-11-05T12:39:41+08:00 ] 127.0.0.1 /index.php/Home/user
INFO: [ app_init ] --START--
INFO: Run Behavior\BuildLiteBehavior [ RunTime:0.000000s ]
INFO: [ app_init ] --END-- [ RunTime:0.001000s ]
INFO: [ app_begin ] --START--
INFO: Run Behavior\ReadHtmlCacheBehavior [ RunTime:0.001000s ]
INFO: [ app_begin ] --END-- [ RunTime:0.001000s ]

[ 2016-11-05T12:39:44+08:00 ] 127.0.0.1 /index.php/Home
INFO: [ app_init ] --START--
INFO: Run Behavior\BuildLiteBehavior [ RunTime:0.000000s ]
INFO: [ app_init ] --END-- [ RunTime:0.000000s ]
INFO: [ app_begin ] --START--
INFO: Run Behavior\ReadHtmlCacheBehavior [ RunTime:0.001000s ]
INFO: [ app_begin ] --END-- [ RunTime:0.001000s ]
INFO: [ view_parse ] --START--
INFO: [ template_filter ] --START--
INFO: Run Behavior\ContentReplaceBehavior [ RunTime:0.000000s ]
INFO: [ template_filter ] --END-- [ RunTime:0.000000s ]
INFO: Run Behavior\ParseTemplateBehavior [ RunTime:0.042002s ]
INFO: [ view_parse ] --END-- [ RunTime:0.042002s ]
INFO: [ view_filter ] --START--
INFO: Run Behavior\WriteHtmlCacheBehavior [ RunTime:0.034002s ]
INFO: [ view_filter ] --END-- [ RunTime:0.034002s ]
INFO: [ app_end ] --START--
INFO: Run Behavior\ShowPageTraceBehavior [ RunTime:0.013001s ]
INFO: [ app_end ] --END-- [ RunTime:0.014001s ]

[ 2016-11-05T12:40:07+08:00 ] 127.0.0.1 /index.php/Home/user/
INFO: [ app_init ] --START--
INFO: Run Behavior\BuildLiteBehavior [ RunTime:0.000000s ]
INFO: [ app_init ] --END-- [ RunTime:0.001000s ]
INFO: [ app_begin ] --START--
INFO: Run Behavior\ReadHtmlCacheBehavior [ RunTime:0.001000s ]
INFO: [ app_begin ] --END-- [ RunTime:0.001000s ]

[ 2016-11-05T12:42:00+08:00 ] 127.0.0.1 /index.php/Home/User/index.html
INFO: [ app_init ] --START--
INFO: Run Behavior\BuildLiteBehavior [ RunTime:0.000000s ]
INFO: [ app_init ] --END-- [ RunTime:0.001000s ]
INFO: [ app_begin ] --START--
INFO: Run Behavior\ReadHtmlCacheBehavior [ RunTime:0.002000s ]
INFO: [ app_begin ] --END-- [ RunTime:0.002000s ]

[ 2016-11-05T12:42:05+08:00 ] 127.0.0.1 /index.php/Home/User/
INFO: [ app_init ] --START--
INFO: Run Behavior\BuildLiteBehavior [ RunTime:0.000000s ]
INFO: [ app_init ] --END-- [ RunTime:0.000000s ]
INFO: [ app_begin ] --START--
INFO: Run Behavior\ReadHtmlCacheBehavior [ RunTime:0.001000s ]
INFO: [ app_begin ] --END-- [ RunTime:0.001000s ]

[ 2016-11-05T12:42:11+08:00 ] 127.0.0.1 /Home/User/
INFO: [ app_init ] --START--
INFO: Run Behavior\BuildLiteBehavior [ RunTime:0.000000s ]
INFO: [ app_init ] --END-- [ RunTime:0.000000s ]
INFO: [ app_begin ] --START--
INFO: Run Behavior\ReadHtmlCacheBehavior [ RunTime:0.001000s ]
INFO: [ app_begin ] --END-- [ RunTime:0.001000s ]

[ 2016-11-05T12:42:28+08:00 ] 127.0.0.1 /index.php/Home/User/
INFO: [ app_init ] --START--
INFO: Run Behavior\BuildLiteBehavior [ RunTime:0.000000s ]
INFO: [ app_init ] --END-- [ RunTime:0.000000s ]
INFO: [ app_begin ] --START--
INFO: Run Behavior\ReadHtmlCacheBehavior [ RunTime:0.002000s ]
INFO: [ app_begin ] --END-- [ RunTime:0.002000s ]

[ 2016-11-05T12:43:03+08:00 ] 127.0.0.1 /index.php?m=Home&c=User&a=index
INFO: [ app_init ] --START--
INFO: Run Behavior\BuildLiteBehavior [ RunTime:0.000000s ]
INFO: [ app_init ] --END-- [ RunTime:0.000000s ]
INFO: [ app_begin ] --START--
INFO: Run Behavior\ReadHtmlCacheBehavior [ RunTime:0.001000s ]
INFO: [ app_begin ] --END-- [ RunTime:0.001000s ]

[ 2016-11-05T12:43:05+08:00 ] 127.0.0.1 /index.php?m=Home&c=User&a=index
INFO: [ app_init ] --START--
INFO: Run Behavior\BuildLiteBehavior [ RunTime:0.000000s ]
INFO: [ app_init ] --END-- [ RunTime:0.001000s ]
INFO: [ app_begin ] --START--
INFO: Run Behavior\ReadHtmlCacheBehavior [ RunTime:0.001000s ]
INFO: [ app_begin ] --END-- [ RunTime:0.002000s ]

[ 2016-11-05T12:44:05+08:00 ] 127.0.0.1 /index.php?m=Home&c=User&a=index
INFO: [ app_init ] --START--
INFO: Run Behavior\BuildLiteBehavior [ RunTime:0.000000s ]
INFO: [ app_init ] --END-- [ RunTime:0.001000s ]
INFO: [ app_begin ] --START--
INFO: Run Behavior\ReadHtmlCacheBehavior [ RunTime:0.001000s ]
INFO: [ app_begin ] --END-- [ RunTime:0.002000s ]
ERR: 无法加载数据库驱动: Think\Db\Driver\

[ 2016-11-05T12:44:06+08:00 ] 127.0.0.1 /index.php?m=Home&c=User&a=index
INFO: [ app_init ] --START--
INFO: Run Behavior\BuildLiteBehavior [ RunTime:0.000000s ]
INFO: [ app_init ] --END-- [ RunTime:0.001000s ]
INFO: [ app_begin ] --START--
INFO: Run Behavior\ReadHtmlCacheBehavior [ RunTime:0.001000s ]
INFO: [ app_begin ] --END-- [ RunTime:0.001000s ]
ERR: 无法加载数据库驱动: Think\Db\Driver\

[ 2016-11-05T12:44:29+08:00 ] 127.0.0.1 /index.php/Home/User/
INFO: [ app_init ] --START--
INFO: Run Behavior\BuildLiteBehavior [ RunTime:0.000000s ]
INFO: [ app_init ] --END-- [ RunTime:0.001000s ]
INFO: [ app_begin ] --START--
INFO: Run Behavior\ReadHtmlCacheBehavior [ RunTime:0.001000s ]
INFO: [ app_begin ] --END-- [ RunTime:0.001000s ]
ERR: 无法加载数据库驱动: Think\Db\Driver\

[ 2016-11-05T12:44:33+08:00 ] 127.0.0.1 /index.php/Home/User/index
INFO: [ app_init ] --START--
INFO: Run Behavior\BuildLiteBehavior [ RunTime:0.000000s ]
INFO: [ app_init ] --END-- [ RunTime:0.001000s ]
INFO: [ app_begin ] --START--
INFO: Run Behavior\ReadHtmlCacheBehavior [ RunTime:0.001001s ]
INFO: [ app_begin ] --END-- [ RunTime:0.001001s ]
ERR: 无法加载数据库驱动: Think\Db\Driver\

[ 2016-11-05T12:45:54+08:00 ] 127.0.0.1 /index.php/Home/User/index
INFO: [ app_init ] --START--
INFO: Run Behavior\BuildLiteBehavior [ RunTime:0.000000s ]
INFO: [ app_init ] --END-- [ RunTime:0.000000s ]
INFO: [ app_begin ] --START--
INFO: Run Behavior\ReadHtmlCacheBehavior [ RunTime:0.001000s ]
INFO: [ app_begin ] --END-- [ RunTime:0.001000s ]
ERR: SQLSTATE[42S02]: Base table or view not found: 1146 Table 's53.user' doesn't exist

[ 2016-11-05T12:45:55+08:00 ] 127.0.0.1 /index.php/Home/User/index
INFO: [ app_init ] --START--
INFO: Run Behavior\BuildLiteBehavior [ RunTime:0.000000s ]
INFO: [ app_init ] --END-- [ RunTime:0.000000s ]
INFO: [ app_begin ] --START--
INFO: Run Behavior\ReadHtmlCacheBehavior [ RunTime:0.000000s ]
INFO: [ app_begin ] --END-- [ RunTime:0.000000s ]
ERR: SQLSTATE[42S02]: Base table or view not found: 1146 Table 's53.user' doesn't exist

[ 2016-11-05T12:46:12+08:00 ] 127.0.0.1 /index.php/Home/User/index
INFO: [ app_init ] --START--
INFO: Run Behavior\BuildLiteBehavior [ RunTime:0.000000s ]
INFO: [ app_init ] --END-- [ RunTime:0.000000s ]
INFO: [ app_begin ] --START--
INFO: Run Behavior\ReadHtmlCacheBehavior [ RunTime:0.001000s ]
INFO: [ app_begin ] --END-- [ RunTime:0.001000s ]
SQL: SHOW COLUMNS FROM `stu` [ RunTime:0.0780s ]
INFO: [ app_end ] --START--
INFO: Run Behavior\ShowPageTraceBehavior [ RunTime:0.002000s ]
INFO: [ app_end ] --END-- [ RunTime:0.002000s ]

[ 2016-11-05T12:48:32+08:00 ] 127.0.0.1 /index.php/Home/User/index
INFO: [ app_init ] --START--
INFO: Run Behavior\BuildLiteBehavior [ RunTime:0.000000s ]
INFO: [ app_init ] --END-- [ RunTime:0.001000s ]
INFO: [ app_begin ] --START--
INFO: Run Behavior\ReadHtmlCacheBehavior [ RunTime:0.001000s ]
INFO: [ app_begin ] --END-- [ RunTime:0.001000s ]
SQL: SHOW COLUMNS FROM `stu` [ RunTime:0.0030s ]
SQL: SELECT * FROM `stu` ORDER BY id desc  [ RunTime:0.0450s ]
ERR: 模板不存在:./Application/Home/View/User/index.html

[ 2016-11-05T12:48:33+08:00 ] 127.0.0.1 /index.php/Home/User/index
INFO: [ app_init ] --START--
INFO: Run Behavior\BuildLiteBehavior [ RunTime:0.000000s ]
INFO: [ app_init ] --END-- [ RunTime:0.001000s ]
INFO: [ app_begin ] --START--
INFO: Run Behavior\ReadHtmlCacheBehavior [ RunTime:0.001000s ]
INFO: [ app_begin ] --END-- [ RunTime:0.001000s ]
SQL: SHOW COLUMNS FROM `stu` [ RunTime:0.0020s ]
SQL: SELECT * FROM `stu` ORDER BY id desc  [ RunTime:0.0010s ]
ERR: 模板不存在:./Application/Home/View/User/index.html

[ 2016-11-05T12:48:41+08:00 ] 127.0.0.1 /index.php/Home/User/
INFO: [ app_init ] --START--
INFO: Run Behavior\BuildLiteBehavior [ RunTime:0.000000s ]
INFO: [ app_init ] --END-- [ RunTime:0.001000s ]
INFO: [ app_begin ] --START--
INFO: Run Behavior\ReadHtmlCacheBehavior [ RunTime:0.001000s ]
INFO: [ app_begin ] --END-- [ RunTime:0.001000s ]
SQL: SHOW COLUMNS FROM `stu` [ RunTime:0.0030s ]
SQL: SELECT * FROM `stu` ORDER BY id desc  [ RunTime:0.0010s ]
ERR: 模板不存在:./Application/Home/View/User/index.html

[ 2016-11-05T12:49:30+08:00 ] 127.0.0.1 /index.php/Home/User/
INFO: [ app_init ] --START--
INFO: Run Behavior\BuildLiteBehavior [ RunTime:0.000000s ]
INFO: [ app_init ] --END-- [ RunTime:0.001000s ]
INFO: [ app_begin ] --START--
INFO: Run Behavior\ReadHtmlCacheBehavior [ RunTime:0.001000s ]
INFO: [ app_begin ] --END-- [ RunTime:0.001000s ]
SQL: SHOW COLUMNS FROM `stu` [ RunTime:0.0050s ]
SQL: SELECT * FROM `stu` ORDER BY id desc  [ RunTime:0.0030s ]
ERR: 模板不存在:./Application/Home/View/User/index.html

[ 2016-11-05T12:49:30+08:00 ] 127.0.0.1 /index.php/Home/User/
INFO: [ app_init ] --START--
INFO: Run Behavior\BuildLiteBehavior [ RunTime:0.000000s ]
INFO: [ app_init ] --END-- [ RunTime:0.000000s ]
INFO: [ app_begin ] --START--
INFO: Run Behavior\ReadHtmlCacheBehavior [ RunTime:0.001000s ]
INFO: [ app_begin ] --END-- [ RunTime:0.001000s ]
SQL: SHOW COLUMNS FROM `stu` [ RunTime:0.0030s ]
SQL: SELECT * FROM `stu` ORDER BY id desc  [ RunTime:0.0010s ]
ERR: 模板不存在:./Application/Home/View/User/index.html

[ 2016-11-05T12:50:05+08:00 ] 127.0.0.1 /index.php/Home/User/
INFO: [ app_init ] --START--
INFO: Run Behavior\BuildLiteBehavior [ RunTime:0.000000s ]
INFO: [ app_init ] --END-- [ RunTime:0.001000s ]
INFO: [ app_begin ] --START--
INFO: Run Behavior\ReadHtmlCacheBehavior [ RunTime:0.000000s ]
INFO: [ app_begin ] --END-- [ RunTime:0.000000s ]
SQL: SHOW COLUMNS FROM `stu` [ RunTime:0.0030s ]
SQL: SELECT * FROM `stu` ORDER BY id desc  [ RunTime:0.0000s ]
INFO: [ view_parse ] --START--
INFO: [ template_filter ] --START--
INFO: Run Behavior\ContentReplaceBehavior [ RunTime:0.000000s ]
INFO: [ template_filter ] --END-- [ RunTime:0.000000s ]
NOTIC: [8] Undefined variable: v0 C:\wamp\www\s53\web\Application\Runtime\Cache\Home\6830cbac89ff06451c77cd8769d6d4ca.php 第 16 行.
NOTIC: [8] Undefined variable: v0 C:\wamp\www\s53\web\Application\Runtime\Cache\Home\6830cbac89ff06451c77cd8769d6d4ca.php 第 17 行.
NOTIC: [8] Undefined variable: v0 C:\wamp\www\s53\web\Application\Runtime\Cache\Home\6830cbac89ff06451c77cd8769d6d4ca.php 第 16 行.
NOTIC: [8] Undefined variable: v0 C:\wamp\www\s53\web\Application\Runtime\Cache\Home\6830cbac89ff06451c77cd8769d6d4ca.php 第 17 行.
NOTIC: [8] Undefined variable: v0 C:\wamp\www\s53\web\Application\Runtime\Cache\Home\6830cbac89ff06451c77cd8769d6d4ca.php 第 16 行.
NOTIC: [8] Undefined variable: v0 C:\wamp\www\s53\web\Application\Runtime\Cache\Home\6830cbac89ff06451c77cd8769d6d4ca.php 第 17 行.
NOTIC: [8] Undefined variable: v0 C:\wamp\www\s53\web\Application\Runtime\Cache\Home\6830cbac89ff06451c77cd8769d6d4ca.php 第 16 行.
NOTIC: [8] Undefined variable: v0 C:\wamp\www\s53\web\Application\Runtime\Cache\Home\6830cbac89ff06451c77cd8769d6d4ca.php 第 17 行.
NOTIC: [8] Undefined variable: v0 C:\wamp\www\s53\web\Application\Runtime\Cache\Home\6830cbac89ff06451c77cd8769d6d4ca.php 第 16 行.
NOTIC: [8] Undefined variable: v0 C:\wamp\www\s53\web\Application\Runtime\Cache\Home\6830cbac89ff06451c77cd8769d6d4ca.php 第 17 行.
NOTIC: [8] Undefined variable: v0 C:\wamp\www\s53\web\Application\Runtime\Cache\Home\6830cbac89ff06451c77cd8769d6d4ca.php 第 16 行.
NOTIC: [8] Undefined variable: v0 C:\wamp\www\s53\web\Application\Runtime\Cache\Home\6830cbac89ff06451c77cd8769d6d4ca.php 第 17 行.
NOTIC: [8] Undefined variable: v0 C:\wamp\www\s53\web\Application\Runtime\Cache\Home\6830cbac89ff06451c77cd8769d6d4ca.php 第 16 行.
NOTIC: [8] Undefined variable: v0 C:\wamp\www\s53\web\Application\Runtime\Cache\Home\6830cbac89ff06451c77cd8769d6d4ca.php 第 17 行.
NOTIC: [8] Undefined variable: v0 C:\wamp\www\s53\web\Application\Runtime\Cache\Home\6830cbac89ff06451c77cd8769d6d4ca.php 第 16 行.
NOTIC: [8] Undefined variable: v0 C:\wamp\www\s53\web\Application\Runtime\Cache\Home\6830cbac89ff06451c77cd8769d6d4ca.php 第 17 行.
NOTIC: [8] Undefined variable: v0 C:\wamp\www\s53\web\Application\Runtime\Cache\Home\6830cbac89ff06451c77cd8769d6d4ca.php 第 16 行.
NOTIC: [8] Undefined variable: v0 C:\wamp\www\s53\web\Application\Runtime\Cache\Home\6830cbac89ff06451c77cd8769d6d4ca.php 第 17 行.
NOTIC: [8] Undefined variable: v0 C:\wamp\www\s53\web\Application\Runtime\Cache\Home\6830cbac89ff06451c77cd8769d6d4ca.php 第 16 行.
NOTIC: [8] Undefined variable: v0 C:\wamp\www\s53\web\Application\Runtime\Cache\Home\6830cbac89ff06451c77cd8769d6d4ca.php 第 17 行.
NOTIC: [8] Undefined variable: v0 C:\wamp\www\s53\web\Application\Runtime\Cache\Home\6830cbac89ff06451c77cd8769d6d4ca.php 第 16 行.
NOTIC: [8] Undefined variable: v0 C:\wamp\www\s53\web\Application\Runtime\Cache\Home\6830cbac89ff06451c77cd8769d6d4ca.php 第 17 行.
NOTIC: [8] Undefined variable: v0 C:\wamp\www\s53\web\Application\Runtime\Cache\Home\6830cbac89ff06451c77cd8769d6d4ca.php 第 16 行.
NOTIC: [8] Undefined variable: v0 C:\wamp\www\s53\web\Application\Runtime\Cache\Home\6830cbac89ff06451c77cd8769d6d4ca.php 第 17 行.
INFO: Run Behavior\ParseTemplateBehavior [ RunTime:0.071004s ]
INFO: [ view_parse ] --END-- [ RunTime:0.071004s ]
INFO: [ view_filter ] --START--
INFO: Run Behavior\WriteHtmlCacheBehavior [ RunTime:0.001000s ]
INFO: [ view_filter ] --END-- [ RunTime:0.001000s ]
INFO: [ app_end ] --START--
INFO: Run Behavior\ShowPageTraceBehavior [ RunTime:0.001000s ]
INFO: [ app_end ] --END-- [ RunTime:0.001000s ]

[ 2016-11-05T12:50:06+08:00 ] 127.0.0.1 /index.php/Home/User/
INFO: [ app_init ] --START--
INFO: Run Behavior\BuildLiteBehavior [ RunTime:0.000000s ]
INFO: [ app_init ] --END-- [ RunTime:0.001000s ]
INFO: [ app_begin ] --START--
INFO: Run Behavior\ReadHtmlCacheBehavior [ RunTime:0.000000s ]
INFO: [ app_begin ] --END-- [ RunTime:0.001000s ]
SQL: SHOW COLUMNS FROM `stu` [ RunTime:0.0020s ]
SQL: SELECT * FROM `stu` ORDER BY id desc  [ RunTime:0.0010s ]
INFO: [ view_parse ] --START--
INFO: [ template_filter ] --START--
INFO: Run Behavior\ContentReplaceBehavior [ RunTime:0.000000s ]
INFO: [ template_filter ] --END-- [ RunTime:0.000000s ]
NOTIC: [8] Undefined variable: v0 C:\wamp\www\s53\web\Application\Runtime\Cache\Home\6830cbac89ff06451c77cd8769d6d4ca.php 第 16 行.
NOTIC: [8] Undefined variable: v0 C:\wamp\www\s53\web\Application\Runtime\Cache\Home\6830cbac89ff06451c77cd8769d6d4ca.php 第 17 行.
NOTIC: [8] Undefined variable: v0 C:\wamp\www\s53\web\Application\Runtime\Cache\Home\6830cbac89ff06451c77cd8769d6d4ca.php 第 16 行.
NOTIC: [8] Undefined variable: v0 C:\wamp\www\s53\web\Application\Runtime\Cache\Home\6830cbac89ff06451c77cd8769d6d4ca.php 第 17 行.
NOTIC: [8] Undefined variable: v0 C:\wamp\www\s53\web\Application\Runtime\Cache\Home\6830cbac89ff06451c77cd8769d6d4ca.php 第 16 行.
NOTIC: [8] Undefined variable: v0 C:\wamp\www\s53\web\Application\Runtime\Cache\Home\6830cbac89ff06451c77cd8769d6d4ca.php 第 17 行.
NOTIC: [8] Undefined variable: v0 C:\wamp\www\s53\web\Application\Runtime\Cache\Home\6830cbac89ff06451c77cd8769d6d4ca.php 第 16 行.
NOTIC: [8] Undefined variable: v0 C:\wamp\www\s53\web\Application\Runtime\Cache\Home\6830cbac89ff06451c77cd8769d6d4ca.php 第 17 行.
NOTIC: [8] Undefined variable: v0 C:\wamp\www\s53\web\Application\Runtime\Cache\Home\6830cbac89ff06451c77cd8769d6d4ca.php 第 16 行.
NOTIC: [8] Undefined variable: v0 C:\wamp\www\s53\web\Application\Runtime\Cache\Home\6830cbac89ff06451c77cd8769d6d4ca.php 第 17 行.
NOTIC: [8] Undefined variable: v0 C:\wamp\www\s53\web\Application\Runtime\Cache\Home\6830cbac89ff06451c77cd8769d6d4ca.php 第 16 行.
NOTIC: [8] Undefined variable: v0 C:\wamp\www\s53\web\Application\Runtime\Cache\Home\6830cbac89ff06451c77cd8769d6d4ca.php 第 17 行.
NOTIC: [8] Undefined variable: v0 C:\wamp\www\s53\web\Application\Runtime\Cache\Home\6830cbac89ff06451c77cd8769d6d4ca.php 第 16 行.
NOTIC: [8] Undefined variable: v0 C:\wamp\www\s53\web\Application\Runtime\Cache\Home\6830cbac89ff06451c77cd8769d6d4ca.php 第 17 行.
NOTIC: [8] Undefined variable: v0 C:\wamp\www\s53\web\Application\Runtime\Cache\Home\6830cbac89ff06451c77cd8769d6d4ca.php 第 16 行.
NOTIC: [8] Undefined variable: v0 C:\wamp\www\s53\web\Application\Runtime\Cache\Home\6830cbac89ff06451c77cd8769d6d4ca.php 第 17 行.
NOTIC: [8] Undefined variable: v0 C:\wamp\www\s53\web\Application\Runtime\Cache\Home\6830cbac89ff06451c77cd8769d6d4ca.php 第 16 行.
NOTIC: [8] Undefined variable: v0 C:\wamp\www\s53\web\Application\Runtime\Cache\Home\6830cbac89ff06451c77cd8769d6d4ca.php 第 17 行.
NOTIC: [8] Undefined variable: v0 C:\wamp\www\s53\web\Application\Runtime\Cache\Home\6830cbac89ff06451c77cd8769d6d4ca.php 第 16 行.
NOTIC: [8] Undefined variable: v0 C:\wamp\www\s53\web\Application\Runtime\Cache\Home\6830cbac89ff06451c77cd8769d6d4ca.php 第 17 行.
NOTIC: [8] Undefined variable: v0 C:\wamp\www\s53\web\Application\Runtime\Cache\Home\6830cbac89ff06451c77cd8769d6d4ca.php 第 16 行.
NOTIC: [8] Undefined variable: v0 C:\wamp\www\s53\web\Application\Runtime\Cache\Home\6830cbac89ff06451c77cd8769d6d4ca.php 第 17 行.
NOTIC: [8] Undefined variable: v0 C:\wamp\www\s53\web\Application\Runtime\Cache\Home\6830cbac89ff06451c77cd8769d6d4ca.php 第 16 行.
NOTIC: [8] Undefined variable: v0 C:\wamp\www\s53\web\Application\Runtime\Cache\Home\6830cbac89ff06451c77cd8769d6d4ca.php 第 17 行.
INFO: Run Behavior\ParseTemplateBehavior [ RunTime:0.007000s ]
INFO: [ view_parse ] --END-- [ RunTime:0.008001s ]
INFO: [ view_filter ] --START--
INFO: Run Behavior\WriteHtmlCacheBehavior [ RunTime:0.000000s ]
INFO: [ view_filter ] --END-- [ RunTime:0.000000s ]
INFO: [ app_end ] --START--
INFO: Run Behavior\ShowPageTraceBehavior [ RunTime:0.001000s ]
INFO: [ app_end ] --END-- [ RunTime:0.001000s ]

[ 2016-11-05T12:50:18+08:00 ] 127.0.0.1 /index.php/Home/User/
INFO: [ app_init ] --START--
INFO: Run Behavior\BuildLiteBehavior [ RunTime:0.000000s ]
INFO: [ app_init ] --END-- [ RunTime:0.000000s ]
INFO: [ app_begin ] --START--
INFO: Run Behavior\ReadHtmlCacheBehavior [ RunTime:0.001000s ]
INFO: [ app_begin ] --END-- [ RunTime:0.001000s ]
SQL: SHOW COLUMNS FROM `stu` [ RunTime:0.0030s ]
SQL: SELECT * FROM `stu` ORDER BY id desc  [ RunTime:0.0010s ]
INFO: [ view_parse ] --START--
INFO: [ template_filter ] --START--
INFO: Run Behavior\ContentReplaceBehavior [ RunTime:0.000000s ]
INFO: [ template_filter ] --END-- [ RunTime:0.000000s ]
INFO: Run Behavior\ParseTemplateBehavior [ RunTime:0.016000s ]
INFO: [ view_parse ] --END-- [ RunTime:0.016000s ]
INFO: [ view_filter ] --START--
INFO: Run Behavior\WriteHtmlCacheBehavior [ RunTime:0.000000s ]
INFO: [ view_filter ] --END-- [ RunTime:0.000000s ]
INFO: [ app_end ] --START--
INFO: Run Behavior\ShowPageTraceBehavior [ RunTime:0.001001s ]
INFO: [ app_end ] --END-- [ RunTime:0.001001s ]

[ 2016-11-05T12:50:26+08:00 ] 127.0.0.1 /index.php/Home/User/
INFO: [ app_init ] --START--
INFO: Run Behavior\BuildLiteBehavior [ RunTime:0.000000s ]
INFO: [ app_init ] --END-- [ RunTime:0.001000s ]
INFO: [ app_begin ] --START--
INFO: Run Behavior\ReadHtmlCacheBehavior [ RunTime:0.001000s ]
INFO: [ app_begin ] --END-- [ RunTime:0.001000s ]
SQL: SHOW COLUMNS FROM `stu` [ RunTime:0.0030s ]
SQL: SELECT * FROM `stu` ORDER BY id desc  [ RunTime:0.0010s ]
INFO: [ view_parse ] --START--
INFO: [ template_filter ] --START--
INFO: Run Behavior\ContentReplaceBehavior [ RunTime:0.000000s ]
INFO: [ template_filter ] --END-- [ RunTime:0.000000s ]
INFO: Run Behavior\ParseTemplateBehavior [ RunTime:0.009000s ]
INFO: [ view_parse ] --END-- [ RunTime:0.009000s ]
INFO: [ view_filter ] --START--
INFO: Run Behavior\WriteHtmlCacheBehavior [ RunTime:0.000000s ]
INFO: [ view_filter ] --END-- [ RunTime:0.000000s ]
INFO: [ app_end ] --START--
INFO: Run Behavior\ShowPageTraceBehavior [ RunTime:0.001000s ]
INFO: [ app_end ] --END-- [ RunTime:0.001000s ]

[ 2016-11-05T12:51:05+08:00 ] 127.0.0.1 /index.php/Home/User/
INFO: [ app_init ] --START--
INFO: Run Behavior\BuildLiteBehavior [ RunTime:0.000000s ]
INFO: [ app_init ] --END-- [ RunTime:0.001000s ]
INFO: [ app_begin ] --START--
INFO: Run Behavior\ReadHtmlCacheBehavior [ RunTime:0.001000s ]
INFO: [ app_begin ] --END-- [ RunTime:0.001000s ]
SQL: SHOW COLUMNS FROM `stu` [ RunTime:0.0030s ]
SQL: SELECT * FROM `stu` ORDER BY id desc  [ RunTime:0.0010s ]
INFO: [ view_parse ] --START--
INFO: [ template_filter ] --START--
INFO: Run Behavior\ContentReplaceBehavior [ RunTime:0.000000s ]
INFO: [ template_filter ] --END-- [ RunTime:0.000000s ]
INFO: Run Behavior\ParseTemplateBehavior [ RunTime:0.010001s ]
INFO: [ view_parse ] --END-- [ RunTime:0.010001s ]
INFO: [ view_filter ] --START--
INFO: Run Behavior\WriteHtmlCacheBehavior [ RunTime:0.000000s ]
INFO: [ view_filter ] --END-- [ RunTime:0.000000s ]
INFO: [ app_end ] --START--
INFO: Run Behavior\ShowPageTraceBehavior [ RunTime:0.001000s ]
INFO: [ app_end ] --END-- [ RunTime:0.001000s ]

[ 2016-11-05T13:12:20+08:00 ] 127.0.0.1 /index.php/Home/User/
INFO: [ app_init ] --START--
INFO: Run Behavior\BuildLiteBehavior [ RunTime:0.000000s ]
INFO: [ app_init ] --END-- [ RunTime:0.014001s ]
INFO: [ app_begin ] --START--
INFO: Run Behavior\ReadHtmlCacheBehavior [ RunTime:0.014001s ]
INFO: [ app_begin ] --END-- [ RunTime:0.014001s ]
SQL: SHOW COLUMNS FROM `stu` [ RunTime:0.0670s ]
SQL: SELECT * FROM `stu` ORDER BY id desc  [ RunTime:0.0010s ]
INFO: [ view_parse ] --START--
INFO: [ template_filter ] --START--
INFO: Run Behavior\ContentReplaceBehavior [ RunTime:0.001000s ]
INFO: [ template_filter ] --END-- [ RunTime:0.001000s ]
INFO: Run Behavior\ParseTemplateBehavior [ RunTime:0.052003s ]
INFO: [ view_parse ] --END-- [ RunTime:0.052003s ]
INFO: [ view_filter ] --START--
INFO: Run Behavior\WriteHtmlCacheBehavior [ RunTime:0.007001s ]
INFO: [ view_filter ] --END-- [ RunTime:0.007001s ]
INFO: [ app_end ] --START--
INFO: Run Behavior\ShowPageTraceBehavior [ RunTime:0.014000s ]
INFO: [ app_end ] --END-- [ RunTime:0.014000s ]

