[ 2016-11-09T19:17:39+08:00 ] ::1 /xm/index.php/assets/css/bootstrap.min.css
INFO: [ app_init ] --START--
INFO: Run Behavior\BuildLiteBehavior [ RunTime:0.000000s ]
INFO: [ app_init ] --END-- [ RunTime:0.000000s ]
ERR: 无法加载模块:Assets

[ 2016-11-09T19:17:39+08:00 ] ::1 /xm/index.php/assets/css/ace-skins.min.css
INFO: [ app_init ] --START--
INFO: Run Behavior\BuildLiteBehavior [ RunTime:0.000000s ]
INFO: [ app_init ] --END-- [ RunTime:0.000000s ]
ERR: 无法加载模块:Assets

[ 2016-11-09T19:17:39+08:00 ] ::1 /xm/index.php/assets/js/typeahead-bs2.min.js
INFO: [ app_init ] --START--
INFO: Run Behavior\BuildLiteBehavior [ RunTime:0.000000s ]
INFO: [ app_init ] --END-- [ RunTime:0.001000s ]
ERR: 无法加载模块:Assets

[ 2016-11-09T19:17:39+08:00 ] ::1 /xm/index.php/assets/js/bootstrap.min.js
INFO: [ app_init ] --START--
INFO: Run Behavior\BuildLiteBehavior [ RunTime:0.000000s ]
INFO: [ app_init ] --END-- [ RunTime:0.000000s ]
ERR: 无法加载模块:Assets

[ 2016-11-09T19:17:39+08:00 ] ::1 /xm/index.php/assets/js/jquery-ui-1.10.3.custom.min.js
INFO: [ app_init ] --START--
INFO: Run Behavior\BuildLiteBehavior [ RunTime:0.000000s ]
INFO: [ app_init ] --END-- [ RunTime:0.000000s ]
ERR: 无法加载模块:Assets

[ 2016-11-09T19:17:39+08:00 ] ::1 /xm/index.php/assets/js/jquery.ui.touch-punch.min.js
INFO: [ app_init ] --START--
INFO: Run Behavior\BuildLiteBehavior [ RunTime:0.000000s ]
INFO: [ app_init ] --END-- [ RunTime:0.000000s ]
ERR: 无法加载模块:Assets

[ 2016-11-09T19:17:39+08:00 ] ::1 /xm/index.php/assets/js/jquery.slimscroll.min.js
INFO: [ app_init ] --START--
INFO: Run Behavior\BuildLiteBehavior [ RunTime:0.000000s ]
INFO: [ app_init ] --END-- [ RunTime:0.001000s ]
ERR: 无法加载模块:Assets

[ 2016-11-09T19:17:39+08:00 ] ::1 /xm/index.php/assets/js/jquery.sparkline.min.js
INFO: [ app_init ] --START--
INFO: Run Behavior\BuildLiteBehavior [ RunTime:0.001000s ]
INFO: [ app_init ] --END-- [ RunTime:0.001000s ]
ERR: 无法加载模块:Assets

[ 2016-11-09T19:17:39+08:00 ] ::1 /xm/index.php/assets/js/jquery.easy-pie-chart.min.js
INFO: [ app_init ] --START--
INFO: Run Behavior\BuildLiteBehavior [ RunTime:0.000000s ]
INFO: [ app_init ] --END-- [ RunTime:0.001000s ]
ERR: 无法加载模块:Assets

[ 2016-11-09T19:17:39+08:00 ] ::1 /xm/index.php/assets/js/flot/jquery.flot.min.js
INFO: [ app_init ] --START--
INFO: Run Behavior\BuildLiteBehavior [ RunTime:0.000000s ]
INFO: [ app_init ] --END-- [ RunTime:0.001000s ]
ERR: 无法加载模块:Assets

[ 2016-11-09T19:17:39+08:00 ] ::1 /xm/index.php/assets/js/flot/jquery.flot.pie.min.js
INFO: [ app_init ] --START--
INFO: Run Behavior\BuildLiteBehavior [ RunTime:0.000000s ]
INFO: [ app_init ] --END-- [ RunTime:0.000000s ]
ERR: 无法加载模块:Assets

[ 2016-11-09T19:17:39+08:00 ] ::1 /xm/index.php/assets/js/ace-elements.min.js
INFO: [ app_init ] --START--
INFO: Run Behavior\BuildLiteBehavior [ RunTime:0.000000s ]
INFO: [ app_init ] --END-- [ RunTime:0.001000s ]
ERR: 无法加载模块:Assets

[ 2016-11-09T19:17:39+08:00 ] ::1 /xm/index.php/assets/js/flot/jquery.flot.resize.min.js
INFO: [ app_init ] --START--
INFO: Run Behavior\BuildLiteBehavior [ RunTime:0.000000s ]
INFO: [ app_init ] --END-- [ RunTime:0.000000s ]
ERR: 无法加载模块:Assets

[ 2016-11-09T19:17:39+08:00 ] ::1 /xm/index.php/assets/js/ace.min.js
INFO: [ app_init ] --START--
INFO: Run Behavior\BuildLiteBehavior [ RunTime:0.000000s ]
INFO: [ app_init ] --END-- [ RunTime:0.001000s ]
ERR: 无法加载模块:Assets

[ 2016-11-09T19:17:39+08:00 ] ::1 /xm/index.php/assets/avatars/avatar.png
INFO: [ app_init ] --START--
INFO: Run Behavior\BuildLiteBehavior [ RunTime:0.000000s ]
INFO: [ app_init ] --END-- [ RunTime:0.000000s ]
ERR: 无法加载模块:Assets

[ 2016-11-09T19:17:39+08:00 ] ::1 /xm/index.php/assets/avatars/avatar3.png
INFO: [ app_init ] --START--
INFO: Run Behavior\BuildLiteBehavior [ RunTime:0.000000s ]
INFO: [ app_init ] --END-- [ RunTime:0.001000s ]
ERR: 无法加载模块:Assets

[ 2016-11-09T19:17:39+08:00 ] ::1 /xm/index.php/assets/avatars/avatar4.png
INFO: [ app_init ] --START--
INFO: Run Behavior\BuildLiteBehavior [ RunTime:0.000000s ]
INFO: [ app_init ] --END-- [ RunTime:0.001000s ]
ERR: 无法加载模块:Assets

[ 2016-11-09T19:17:39+08:00 ] ::1 /xm/index.php/assets/css/font-awesome.min.css
INFO: [ app_init ] --START--
INFO: Run Behavior\BuildLiteBehavior [ RunTime:0.000000s ]
INFO: [ app_init ] --END-- [ RunTime:0.000000s ]
ERR: 无法加载模块:Assets

[ 2016-11-09T19:17:40+08:00 ] ::1 /xm/index.php/assets/avatars/user.jpg
INFO: [ app_init ] --START--
INFO: Run Behavior\BuildLiteBehavior [ RunTime:0.000000s ]
INFO: [ app_init ] --END-- [ RunTime:0.000000s ]
ERR: 无法加载模块:Assets

[ 2016-11-09T19:17:40+08:00 ] ::1 /xm/index.php/assets/avatars/avatar2.png
INFO: [ app_init ] --START--
INFO: Run Behavior\BuildLiteBehavior [ RunTime:0.000000s ]
INFO: [ app_init ] --END-- [ RunTime:0.001000s ]
ERR: 无法加载模块:Assets

[ 2016-11-09T19:17:40+08:00 ] ::1 /xm/index.php/assets/avatars/avatar5.png
INFO: [ app_init ] --START--
INFO: Run Behavior\BuildLiteBehavior [ RunTime:0.000000s ]
INFO: [ app_init ] --END-- [ RunTime:0.000000s ]
ERR: 无法加载模块:Assets

[ 2016-11-09T19:17:40+08:00 ] ::1 /xm/index.php/assets/js/ace-extra.min.js
INFO: [ app_init ] --START--
INFO: Run Behavior\BuildLiteBehavior [ RunTime:0.000000s ]
INFO: [ app_init ] --END-- [ RunTime:0.000000s ]
ERR: 无法加载模块:Assets

[ 2016-11-09T19:17:40+08:00 ] ::1 /xm/index.php/assets/avatars/avatar1.png
INFO: [ app_init ] --START--
INFO: Run Behavior\BuildLiteBehavior [ RunTime:0.000000s ]
INFO: [ app_init ] --END-- [ RunTime:0.001000s ]
ERR: 无法加载模块:Assets

[ 2016-11-09T19:17:40+08:00 ] ::1 /xm/index.php/assets/css/ace-rtl.min.css
INFO: [ app_init ] --START--
INFO: Run Behavior\BuildLiteBehavior [ RunTime:0.000000s ]
INFO: [ app_init ] --END-- [ RunTime:0.001000s ]
ERR: 无法加载模块:Assets

[ 2016-11-09T19:17:40+08:00 ] ::1 /xm/index.php/assets/css/ace.min.css
INFO: [ app_init ] --START--
INFO: Run Behavior\BuildLiteBehavior [ RunTime:0.000000s ]
INFO: [ app_init ] --END-- [ RunTime:0.001000s ]
ERR: 无法加载模块:Assets

[ 2016-11-09T19:17:40+08:00 ] ::1 /xm/index.php/assets/avatars/avatar4.png
INFO: [ app_init ] --START--
INFO: Run Behavior\BuildLiteBehavior [ RunTime:0.000000s ]
INFO: [ app_init ] --END-- [ RunTime:0.000000s ]
ERR: 无法加载模块:Assets

[ 2016-11-09T19:17:40+08:00 ] ::1 /xm/index.php/assets/avatars/avatar.png
INFO: [ app_init ] --START--
INFO: Run Behavior\BuildLiteBehavior [ RunTime:0.000000s ]
INFO: [ app_init ] --END-- [ RunTime:0.000000s ]
ERR: 无法加载模块:Assets

[ 2016-11-09T19:17:40+08:00 ] ::1 /xm/index.php/assets/avatars/avatar3.png
INFO: [ app_init ] --START--
INFO: Run Behavior\BuildLiteBehavior [ RunTime:0.000000s ]
INFO: [ app_init ] --END-- [ RunTime:0.001000s ]
ERR: 无法加载模块:Assets

[ 2016-11-09T19:17:40+08:00 ] ::1 /xm/index.php/assets/avatars/user.jpg
INFO: [ app_init ] --START--
INFO: Run Behavior\BuildLiteBehavior [ RunTime:0.000000s ]
INFO: [ app_init ] --END-- [ RunTime:0.001000s ]
ERR: 无法加载模块:Assets

[ 2016-11-09T19:17:40+08:00 ] ::1 /xm/index.php/assets/avatars/avatar1.png
INFO: [ app_init ] --START--
INFO: Run Behavior\BuildLiteBehavior [ RunTime:0.000000s ]
INFO: [ app_init ] --END-- [ RunTime:0.000000s ]
ERR: 无法加载模块:Assets

[ 2016-11-09T19:17:40+08:00 ] ::1 /xm/index.php/assets/avatars/avatar5.png
INFO: [ app_init ] --START--
INFO: Run Behavior\BuildLiteBehavior [ RunTime:0.000000s ]
INFO: [ app_init ] --END-- [ RunTime:0.000000s ]
ERR: 无法加载模块:Assets

[ 2016-11-09T19:17:40+08:00 ] ::1 /xm/index.php/assets/avatars/avatar2.png
INFO: [ app_init ] --START--
INFO: Run Behavior\BuildLiteBehavior [ RunTime:0.000000s ]
INFO: [ app_init ] --END-- [ RunTime:0.001000s ]
ERR: 无法加载模块:Assets

[ 2016-11-09T19:19:24+08:00 ] ::1 /xm/index.php/assets/js/jquery-ui-1.10.3.custom.min.js
INFO: [ app_init ] --START--
INFO: Run Behavior\BuildLiteBehavior [ RunTime:0.000000s ]
INFO: [ app_init ] --END-- [ RunTime:0.000000s ]
ERR: 无法加载模块:Assets

[ 2016-11-09T19:19:24+08:00 ] ::1 /xm/index.php/assets/js/bootstrap.min.js
INFO: [ app_init ] --START--
INFO: Run Behavior\BuildLiteBehavior [ RunTime:0.000000s ]
INFO: [ app_init ] --END-- [ RunTime:0.000000s ]
ERR: 无法加载模块:Assets

[ 2016-11-09T19:19:24+08:00 ] ::1 /xm/index.php/assets/js/jquery.ui.touch-punch.min.js
INFO: [ app_init ] --START--
INFO: Run Behavior\BuildLiteBehavior [ RunTime:0.000000s ]
INFO: [ app_init ] --END-- [ RunTime:0.000000s ]
ERR: 无法加载模块:Assets

[ 2016-11-09T19:19:24+08:00 ] ::1 /xm/index.php/assets/js/jquery.sparkline.min.js
INFO: [ app_init ] --START--
INFO: Run Behavior\BuildLiteBehavior [ RunTime:0.000000s ]
INFO: [ app_init ] --END-- [ RunTime:0.000000s ]
ERR: 无法加载模块:Assets

[ 2016-11-09T19:19:24+08:00 ] ::1 /xm/index.php/assets/js/flot/jquery.flot.min.js
INFO: [ app_init ] --START--
INFO: Run Behavior\BuildLiteBehavior [ RunTime:0.000000s ]
INFO: [ app_init ] --END-- [ RunTime:0.001000s ]
ERR: 无法加载模块:Assets

[ 2016-11-09T19:19:24+08:00 ] ::1 /xm/index.php/assets/js/jquery.slimscroll.min.js
INFO: [ app_init ] --START--
INFO: Run Behavior\BuildLiteBehavior [ RunTime:0.000000s ]
INFO: [ app_init ] --END-- [ RunTime:0.030002s ]
ERR: 无法加载模块:Assets

[ 2016-11-09T19:19:24+08:00 ] ::1 /xm/index.php/assets/js/flot/jquery.flot.resize.min.js
INFO: [ app_init ] --START--
INFO: Run Behavior\BuildLiteBehavior [ RunTime:0.000000s ]
INFO: [ app_init ] --END-- [ RunTime:0.000000s ]
ERR: 无法加载模块:Assets

[ 2016-11-09T19:19:24+08:00 ] ::1 /xm/index.php/assets/js/ace-elements.min.js
INFO: [ app_init ] --START--
INFO: Run Behavior\BuildLiteBehavior [ RunTime:0.000000s ]
INFO: [ app_init ] --END-- [ RunTime:0.001000s ]
ERR: 无法加载模块:Assets

[ 2016-11-09T19:19:24+08:00 ] ::1 /xm/index.php/assets/js/flot/jquery.flot.pie.min.js
INFO: [ app_init ] --START--
INFO: Run Behavior\BuildLiteBehavior [ RunTime:0.000000s ]
INFO: [ app_init ] --END-- [ RunTime:0.000000s ]
ERR: 无法加载模块:Assets

[ 2016-11-09T19:19:24+08:00 ] ::1 /xm/index.php/assets/js/ace.min.js
INFO: [ app_init ] --START--
INFO: Run Behavior\BuildLiteBehavior [ RunTime:0.000000s ]
INFO: [ app_init ] --END-- [ RunTime:0.000000s ]
ERR: 无法加载模块:Assets

[ 2016-11-09T19:19:24+08:00 ] ::1 /xm/index.php/assets/js/typeahead-bs2.min.js
INFO: [ app_init ] --START--
INFO: Run Behavior\BuildLiteBehavior [ RunTime:0.000000s ]
INFO: [ app_init ] --END-- [ RunTime:0.000000s ]
ERR: 无法加载模块:Assets

[ 2016-11-09T19:19:24+08:00 ] ::1 /xm/index.php/assets/js/jquery-2.0.3.min.js
INFO: [ app_init ] --START--
INFO: Run Behavior\BuildLiteBehavior [ RunTime:0.000000s ]
INFO: [ app_init ] --END-- [ RunTime:0.001000s ]
ERR: 无法加载模块:Assets

[ 2016-11-09T19:19:24+08:00 ] ::1 /xm/index.php/assets/js/jquery.easy-pie-chart.min.js
INFO: [ app_init ] --START--
INFO: Run Behavior\BuildLiteBehavior [ RunTime:0.000000s ]
INFO: [ app_init ] --END-- [ RunTime:0.000000s ]
ERR: 无法加载模块:Assets

[ 2016-11-09T19:19:24+08:00 ] ::1 /xm/index.php/assets/js/bootstrap.min.js
INFO: [ app_init ] --START--
INFO: Run Behavior\BuildLiteBehavior [ RunTime:0.000000s ]
INFO: [ app_init ] --END-- [ RunTime:0.000000s ]
ERR: 无法加载模块:Assets

[ 2016-11-09T19:19:24+08:00 ] ::1 /xm/index.php/assets/js/typeahead-bs2.min.js
INFO: [ app_init ] --START--
INFO: Run Behavior\BuildLiteBehavior [ RunTime:0.000000s ]
INFO: [ app_init ] --END-- [ RunTime:0.001001s ]
ERR: 无法加载模块:Assets

[ 2016-11-09T19:19:24+08:00 ] ::1 /xm/index.php/assets/js/jquery-ui-1.10.3.custom.min.js
INFO: [ app_init ] --START--
INFO: Run Behavior\BuildLiteBehavior [ RunTime:0.000000s ]
INFO: [ app_init ] --END-- [ RunTime:0.000000s ]
ERR: 无法加载模块:Assets

[ 2016-11-09T19:19:24+08:00 ] ::1 /xm/index.php/assets/js/jquery.ui.touch-punch.min.js
INFO: [ app_init ] --START--
INFO: Run Behavior\BuildLiteBehavior [ RunTime:0.000000s ]
INFO: [ app_init ] --END-- [ RunTime:0.000000s ]
ERR: 无法加载模块:Assets

[ 2016-11-09T19:19:24+08:00 ] ::1 /xm/index.php/assets/js/jquery.slimscroll.min.js
INFO: [ app_init ] --START--
INFO: Run Behavior\BuildLiteBehavior [ RunTime:0.000000s ]
INFO: [ app_init ] --END-- [ RunTime:0.000000s ]
ERR: 无法加载模块:Assets

[ 2016-11-09T19:19:24+08:00 ] ::1 /xm/index.php/assets/js/jquery.easy-pie-chart.min.js
INFO: [ app_init ] --START--
INFO: Run Behavior\BuildLiteBehavior [ RunTime:0.000000s ]
INFO: [ app_init ] --END-- [ RunTime:0.000000s ]
ERR: 无法加载模块:Assets

[ 2016-11-09T19:19:24+08:00 ] ::1 /xm/index.php/assets/js/jquery.sparkline.min.js
INFO: [ app_init ] --START--
INFO: Run Behavior\BuildLiteBehavior [ RunTime:0.000000s ]
INFO: [ app_init ] --END-- [ RunTime:0.000000s ]
ERR: 无法加载模块:Assets

[ 2016-11-09T19:19:24+08:00 ] ::1 /xm/index.php/assets/js/flot/jquery.flot.min.js
INFO: [ app_init ] --START--
INFO: Run Behavior\BuildLiteBehavior [ RunTime:0.000000s ]
INFO: [ app_init ] --END-- [ RunTime:0.001000s ]
ERR: 无法加载模块:Assets

[ 2016-11-09T19:19:24+08:00 ] ::1 /xm/index.php/assets/js/flot/jquery.flot.pie.min.js
INFO: [ app_init ] --START--
INFO: Run Behavior\BuildLiteBehavior [ RunTime:0.000000s ]
INFO: [ app_init ] --END-- [ RunTime:0.002000s ]
ERR: 无法加载模块:Assets

[ 2016-11-09T19:19:24+08:00 ] ::1 /xm/index.php/assets/js/flot/jquery.flot.resize.min.js
INFO: [ app_init ] --START--
INFO: Run Behavior\BuildLiteBehavior [ RunTime:0.000000s ]
INFO: [ app_init ] --END-- [ RunTime:0.001000s ]
ERR: 无法加载模块:Assets

[ 2016-11-09T19:19:24+08:00 ] ::1 /xm/index.php/assets/js/ace-elements.min.js
INFO: [ app_init ] --START--
INFO: Run Behavior\BuildLiteBehavior [ RunTime:0.000000s ]
INFO: [ app_init ] --END-- [ RunTime:0.001000s ]
ERR: 无法加载模块:Assets

[ 2016-11-09T19:19:24+08:00 ] ::1 /xm/index.php/assets/js/ace.min.js
INFO: [ app_init ] --START--
INFO: Run Behavior\BuildLiteBehavior [ RunTime:0.000000s ]
INFO: [ app_init ] --END-- [ RunTime:0.001000s ]
ERR: 无法加载模块:Assets

[ 2016-11-09T19:35:09+08:00 ] ::1 /xm/Publicassets/css/ace.min.css
INFO: [ app_init ] --START--
INFO: Run Behavior\BuildLiteBehavior [ RunTime:0.000000s ]
INFO: [ app_init ] --END-- [ RunTime:0.000000s ]
ERR: 无法加载模块:Publicassets



[ 2016-11-09T19:35:09+08:00 ] ::1 /xm/Publicassets/css/font-awesome.min.css
INFO: [ app_init ] --START--
INFO: Run Behavior\BuildLiteBehavior [ RunTime:0.000000s ]
INFO: [ app_init ] --END-- [ RunTime:0.002000s ]
ERR: 无法加载模块:Publicassets

[ 2016-11-09T19:35:24+08:00 ] ::1 /xm/Publicassets/css/font-awesome.min.css
INFO: [ app_init ] --START--
INFO: Run Behavior\BuildLiteBehavior [ RunTime:0.000000s ]
INFO: [ app_init ] --END-- [ RunTime:0.001000s ]
ERR: 无法加载模块:Publicassets

[ 2016-11-09T19:35:24+08:00 ] ::1 /xm/Publicassets/css/ace.min.css
INFO: [ app_init ] --START--
INFO: Run Behavior\BuildLiteBehavior [ RunTime:0.000000s ]
INFO: [ app_init ] --END-- [ RunTime:0.001000s ]
ERR: 无法加载模块:Publicassets

[ 2016-11-09T19:35:24+08:00 ] ::1 /xm/Publicassets/css/ace-rtl.min.css
INFO: [ app_init ] --START--
INFO: Run Behavior\BuildLiteBehavior [ RunTime:0.000000s ]
INFO: [ app_init ] --END-- [ RunTime:0.001000s ]
ERR: 无法加载模块:Publicassets

[ 2016-11-09T19:35:38+08:00 ] ::1 /xm/Publicassets/js/jquery-2.0.3.min.js
INFO: [ app_init ] --START--
INFO: Run Behavior\BuildLiteBehavior [ RunTime:0.000000s ]
INFO: [ app_init ] --END-- [ RunTime:0.000000s ]
ERR: 无法加载模块:Publicassets

